mode: atomic
merabriar_core/message/message.go:27.89,36.2 1 13
merabriar_core/sync/queue.go:20.87,28.2 1 178
merabriar_core/sync/queue.go:37.38,41.2 1 19
merabriar_core/sync/queue.go:44.52,48.2 3 177
merabriar_core/sync/queue.go:51.49,55.26 3 108
merabriar_core/sync/queue.go:55.26,57.3 1 1
merabriar_core/sync/queue.go:59.2,61.12 3 107
merabriar_core/sync/queue.go:65.46,69.26 3 2
merabriar_core/sync/queue.go:69.26,71.3 1 1
merabriar_core/sync/queue.go:73.2,73.22 1 1
merabriar_core/sync/queue.go:77.50,84.2 5 54
merabriar_core/sync/queue.go:87.77,92.33 4 3
merabriar_core/sync/queue.go:92.33,93.37 1 9
merabriar_core/sync/queue.go:93.37,95.4 1 3
merabriar_core/sync/queue.go:97.2,97.15 1 3
merabriar_core/sync/queue.go:101.44,106.25 4 4
merabriar_core/sync/queue.go:106.25,108.3 1 6
merabriar_core/sync/queue.go:110.2,111.33 2 4
merabriar_core/sync/queue.go:111.33,112.21 1 7
merabriar_core/sync/queue.go:112.21,114.4 1 3
merabriar_core/sync/queue.go:117.2,117.24 1 4
merabriar_core/sync/queue.go:121.53,125.33 3 4
merabriar_core/sync/queue.go:125.33,126.19 1 3
merabriar_core/sync/queue.go:126.19,128.9 2 3
merabriar_core/sync/queue.go:134.34,138.2 3 13
merabriar_core/sync/queue.go:141.39,143.2 1 5
merabriar_core/crypto/crypto.go:41.34,43.2 1 41
merabriar_core/crypto/crypto.go:47.66,50.16 2 39
merabriar_core/crypto/crypto.go:50.16,52.3 1 0
merabriar_core/crypto/crypto.go:55.2,56.70 2 39
merabriar_core/crypto/crypto.go:56.70,58.3 1 0
merabriar_core/crypto/crypto.go:60.2,75.20 6 39
merabriar_core/crypto/crypto.go:79.70,80.28 1 19
merabriar_core/crypto/crypto.go:80.28,82.3 1 1
merabriar_core/crypto/crypto.go:84.2,88.8 1 18
merabriar_core/crypto/crypto.go:92.64,93.28 1 28
merabriar_core/crypto/crypto.go:93.28,95.3 1 1
merabriar_core/crypto/crypto.go:96.2,96.49 1 27
merabriar_core/crypto/crypto.go:110.103,113.16 2 16
merabriar_core/crypto/crypto.go:113.16,115.3 1 0
merabriar_core/crypto/crypto.go:118.2,125.16 6 16
merabriar_core/crypto/crypto.go:125.16,127.3 1 0
merabriar_core/crypto/crypto.go:130.2,144.8 6 16
merabriar_core/crypto/crypto.go:148.61,154.16 3 17
merabriar_core/crypto/crypto.go:154.16,156.3 1 0
merabriar_core/crypto/crypto.go:158.2,159.16 2 17
merabriar_core/crypto/crypto.go:159.16,161.3 1 0
merabriar_core/crypto/crypto.go:164.2,165.59 2 17
merabriar_core/crypto/crypto.go:165.59,167.3 1 0
merabriar_core/crypto/crypto.go:170.2,172.24 2 17
merabriar_core/crypto/crypto.go:176.62,182.16 3 15
merabriar_core/crypto/crypto.go:182.16,184.3 1 0
merabriar_core/crypto/crypto.go:186.2,187.16 2 15
merabriar_core/crypto/crypto.go:187.16,189.3 1 0
merabriar_core/crypto/crypto.go:191.2,192.33 2 15
merabriar_core/crypto/crypto.go:192.33,194.3 1 1
merabriar_core/crypto/crypto.go:197.2,201.16 3 14
merabriar_core/crypto/crypto.go:201.16,203.3 1 1
merabriar_core/crypto/crypto.go:205.2,205.23 1 13
merabriar_core/crypto/crypto.go:209.44,214.2 4 22
merabriar_core/crypto/crypto.go:217.44,222.2 4 17
merabriar_core/crypto/crypto.go:225.92,236.2 6 39
merabriar_core/storage/storage.go:20.58,26.16 3 21
merabriar_core/storage/storage.go:26.16,28.3 1 0
merabriar_core/storage/storage.go:31.2,31.41 1 21
merabriar_core/storage/storage.go:31.41,33.3 1 0
merabriar_core/storage/storage.go:35.2,35.30 1 21
merabriar_core/storage/storage.go:39.37,93.2 3 21
merabriar_core/storage/storage.go:96.60,109.2 2 31
merabriar_core/storage/storage.go:112.67,119.16 3 4
merabriar_core/storage/storage.go:119.16,121.3 1 1
merabriar_core/storage/storage.go:122.2,122.18 1 3
merabriar_core/storage/storage.go:126.101,135.16 2 8
merabriar_core/storage/storage.go:135.16,137.3 1 0
merabriar_core/storage/storage.go:138.2,141.18 3 8
merabriar_core/storage/storage.go:141.18,143.123 2 22
merabriar_core/storage/storage.go:143.123,145.4 1 0
merabriar_core/storage/storage.go:146.3,146.36 1 22
merabriar_core/storage/storage.go:149.2,149.22 1 8
merabriar_core/storage/storage.go:153.78,160.2 2 7
merabriar_core/storage/storage.go:163.66,166.16 3 7
merabriar_core/storage/storage.go:166.16,168.3 1 1
merabriar_core/storage/storage.go:169.2,169.25 1 6
merabriar_core/storage/storage.go:173.33,175.2 1 21
merabriar_core/main.go:69.60,76.16 5 0
merabriar_core/main.go:76.16,78.3 1 0
merabriar_core/main.go:81.2,86.10 3 0
merabriar_core/main.go:90.47,92.16 2 0
merabriar_core/main.go:92.16,97.3 1 0
merabriar_core/main.go:99.2,104.3 1 0
merabriar_core/main.go:108.35,110.16 2 0
merabriar_core/main.go:110.16,112.3 1 0
merabriar_core/main.go:114.2,115.37 2 0
merabriar_core/main.go:119.63,124.63 4 0
merabriar_core/main.go:124.63,126.3 1 0
merabriar_core/main.go:128.2,129.16 2 0
merabriar_core/main.go:129.16,131.3 1 0
merabriar_core/main.go:133.2,134.10 2 0
merabriar_core/main.go:138.44,140.40 2 0
merabriar_core/main.go:140.40,142.3 1 0
merabriar_core/main.go:143.2,143.10 1 0
merabriar_core/main.go:147.79,152.13 4 0
merabriar_core/main.go:152.13,157.3 1 0
merabriar_core/main.go:159.2,160.16 2 0
merabriar_core/main.go:160.16,165.3 1 0
merabriar_core/main.go:168.2,173.3 2 0
merabriar_core/main.go:177.91,182.13 4 0
merabriar_core/main.go:182.13,187.3 1 0
merabriar_core/main.go:189.2,190.16 2 0
merabriar_core/main.go:190.16,195.3 1 0
merabriar_core/main.go:197.2,200.3 1 0
merabriar_core/main.go:204.46,208.61 3 0
merabriar_core/main.go:208.61,210.3 1 0
merabriar_core/main.go:212.2,213.10 2 0
merabriar_core/main.go:217.34,221.2 3 0
merabriar_core/main.go:224.40,228.61 3 0
merabriar_core/main.go:228.61,230.3 1 0
merabriar_core/main.go:232.2,233.10 2 0
merabriar_core/main.go:237.46,241.61 3 0
merabriar_core/main.go:241.61,243.3 1 0
merabriar_core/main.go:245.2,245.46 1 0
merabriar_core/main.go:245.46,247.3 1 0
merabriar_core/main.go:249.2,249.10 1 0
merabriar_core/main.go:253.77,257.16 3 0
merabriar_core/main.go:257.16,259.3 1 0
merabriar_core/main.go:261.2,262.37 2 0
merabriar_core/main.go:267.29,269.2 1 0
merabriar_core/main.go:272.33,274.2 1 0
merabriar_core/main.go:276.14,278.2 0 0
merabriar_core/transport/transport.go:44.42,46.2 1 0
merabriar_core/transport/transport.go:48.43,50.2 1 0
merabriar_core/transport/transport.go:52.49,54.2 1 0
merabriar_core/transport/transport.go:56.45,58.2 1 0
merabriar_core/transport/transport.go:60.70,64.2 1 0
merabriar_core/transport/transport.go:66.40,69.2 2 0
merabriar_core/transport/transport.go:71.39,74.2 2 0
merabriar_core/transport/transport.go:82.38,84.2 1 0
merabriar_core/transport/transport.go:86.41,88.2 1 0
merabriar_core/transport/transport.go:90.47,92.2 1 0
merabriar_core/transport/transport.go:94.43,96.2 1 0
merabriar_core/transport/transport.go:98.68,101.2 1 0
merabriar_core/transport/transport.go:103.38,106.2 1 0
merabriar_core/transport/transport.go:108.37,111.2 2 0
merabriar_core/transport/transport.go:119.50,121.2 1 0
merabriar_core/transport/transport.go:123.47,125.2 1 0
merabriar_core/transport/transport.go:127.53,129.2 1 0
merabriar_core/transport/transport.go:131.49,133.2 1 0
merabriar_core/transport/transport.go:135.74,138.2 1 0
merabriar_core/transport/transport.go:140.44,143.2 1 0
merabriar_core/transport/transport.go:145.43,148.2 2 0
merabriar_core/transport/transport.go:156.38,158.2 1 0
merabriar_core/transport/transport.go:160.41,162.2 1 0
merabriar_core/transport/transport.go:164.47,166.2 1 0
merabriar_core/transport/transport.go:168.43,170.2 1 0
merabriar_core/transport/transport.go:172.68,175.2 1 0
merabriar_core/transport/transport.go:177.38,180.2 1 0
merabriar_core/transport/transport.go:182.37,185.2 2 0
merabriar_core/transport/transport.go:193.46,202.2 1 0
merabriar_core/transport/transport.go:205.57,207.33 1 0
merabriar_core/transport/transport.go:207.33,208.22 1 0
merabriar_core/transport/transport.go:208.22,210.4 1 0
merabriar_core/transport/transport.go:212.2,212.12 1 0
merabriar_core/transport/transport.go:216.65,218.33 2 0
merabriar_core/transport/transport.go:218.33,219.22 1 0
merabriar_core/transport/transport.go:219.22,221.4 1 0
merabriar_core/transport/transport.go:223.2,223.18 1 0
